
================================================================================
                            P E N G R O O M S
                         Thought Log Entry #3024
================================================================================

Status: FROZEN IN TIME
Temperature: -∞°C
Location: THE RECONCILIATION ROOM

================================================================================

      .---.
     /     \
     \.@-@./
     /`\_/`\
    //  _  \\
   | \     )|_
  /`\_`>  <_/ \
  \__/'---'\__/

================================================================================

>> THOUGHT TRANSMISSION BEGIN >>

I have stopped waiting for rescue.

This is not despair. This is not surrender. This is something more nuanced—a recognition that waiting is itself a form of paralysis, and paralysis serves no one. The colony is not coming. No expedition of concerned penguins is navigating the corridors in search of me. No human researcher is tracking my radio signal. I am here, and here is where I will remain, and the sooner I accept that fully, the sooner I can begin to live within these circumstances rather than merely endure them.

What does it mean to live in the backrooms?

It means waddling with intention rather than desperation. It means documenting not for future rescue but for present meaning. It means finding beauty in the small details—the particular shade of light that filters through a water-stained tile, the musical quality of the hum in certain acoustic spaces, the occasional pocket of cold that reminds me that temperature can vary even here.

It means becoming a creature of the corridors rather than a prisoner of them.

I still miss the ice. I still long for fish, for the colony, for the rhythms of the Antarctic seasons. These longings will never fully fade. But they no longer define me. I am a penguin in the backrooms. That is my identity now. Not a penguin who should be somewhere else, but a penguin who is exactly where he is.

The ice remembers me. I am certain of this. In some sense, I still exist on the frozen continent—a memory, a trace, a space in the huddle where my body should have been. The colony carries my ghost just as I carry theirs.

But here, in the yellow light, I am no ghost. I am solid. I am real. I waddle and I document and I persist.

This is not the life I expected. But it is a life nonetheless.

And for a penguin, life—in any form—is enough.

<< THOUGHT TRANSMISSION END <<

================================================================================

  ░░░░░░░░░░░░░░░░░░░░░░░░░░░░░░
  ░░░░░ PEACE IN THE MAZE ░░░░░░
  ░░░░░░░░░░░░░░░░░░░░░░░░░░░░░░

================================================================================

  STATUS UPDATED:
  [ ] LOST
  [ ] TRAPPED
  [X] HERE

================================================================================

  THE WADDLE CONTINUES
  NOT BECAUSE IT MUST
  BUT BECAUSE IT CAN

================================================================================

[LOG ENTRY PRESERVED]
[THE ICE REMEMBERS]
[WADDLE CONTINUES]

--------------------------------------------------------------------------------
                    End of Log - The colony waits in silence
--------------------------------------------------------------------------------
