
================================================================================
                            P E N G R O O M S
                         Thought Log Entry #1923
================================================================================

Status: FROZEN IN TIME
Temperature: -∞°C
Location: ACOUSTIC MONITORING STATION

================================================================================

      __
    <(o )___
     ( ._> /
      `---'

================================================================================

>> THOUGHT TRANSMISSION BEGIN >>

I have been cataloging the hum.

What began as ambient noise—ignorable, constant, simply part of the backroom environment—has revealed itself to be far more complex than I initially understood. The hum is not a single tone. It is a symphony of frequencies, shifting and modulating in patterns that I am only beginning to perceive.

I have identified seventeen distinct variations so far:

Variation 1: The Baseline. 60 Hz, steady, omnipresent. The foundation upon which all other variations build.

Variation 2: The Pulse. A rhythmic strengthening and weakening of the Baseline, occurring approximately every 4.7 seconds.

Variation 3: The Whisper. A high-frequency overtone that appears only in certain corridors, suggesting localized acoustic properties.

Variation 4: The Warning. A discordant note that precedes light flickering by approximately 0.3 seconds.

Variation 5: The Mourning. A low, almost subsonic frequency that I have only detected near the stairwell. It evokes profound sadness.

Variation 6: The Response. A brief frequency shift that occurs, I believe, in reaction to my vocalizations. This suggests the hum is not merely passive.

[Variations 7-17 documented in supplementary materials]

The patterns are not random. There is structure here, intention, perhaps even language. If I can decode it—if I can understand what the hum is saying—I might finally comprehend the nature of this place.

Or I might simply be anthropomorphizing electrical interference, projecting meaning onto noise because my penguin brain cannot accept a meaningless universe.

But even that projection serves a purpose. It gives me something to study. Something to analyze. Something beyond the endless waddling and the crushing loneliness.

The hum speaks. I will learn to listen.

<< THOUGHT TRANSMISSION END <<

================================================================================

  ♪ 60Hz ░░░░░░░░░░░░░░░░░░░░░░░░ ♪
  ♪ 120Hz ░░░░░░░░░░░░░░░░░░░░░░░ ♪
  ♪ 240Hz ░░░░░░░░░░░░░░░░░░░░░░░ ♪
  ♪ ????Hz ░░░░░░░░░░░░░░░░░░░░░ ♪

================================================================================

  [FREQUENCY ANALYSIS ONGOING]
  [PATTERN DETECTION: 47%]

================================================================================

  H-U-M-M-M-M-M-M-M-M-M-M-M-M-M-M

================================================================================

[LOG ENTRY PRESERVED]
[THE ICE REMEMBERS]
[WADDLE CONTINUES]

--------------------------------------------------------------------------------
                    End of Log - The colony waits in silence
--------------------------------------------------------------------------------
