
================================================================================
                            P E N G R O O M S
                         Thought Log Entry #3167
================================================================================

Status: FROZEN IN TIME
Temperature: -∞°C
Location: THE METAMORPHIC CHAMBER

================================================================================

       .-"""-.
      /        \
     |  O    O  |
     |    __    |
      \  \__/  /
       '-.__..-'
        /|  |\
       (_|  |_)

================================================================================

>> THOUGHT TRANSMISSION BEGIN >>

Room 221-F is alive with change.

I discovered it during one of my longer explorations, a period when I had resolved to push further into unknown territory than ever before. The room seemed ordinary at first glance—same dimensions, same yellow walls, same oppressive normalcy. I noted its number and prepared to move on.

Then the wall rippled.

Not dramatically—no violent transformation, no special effect from the human films the researchers sometimes watched. Just a subtle ripple, like the surface of calm water disturbed by a falling leaf. The wallpaper pattern shifted. The yellow became marginally more orange. A stain I had not noticed before appeared near the ceiling.

I stood frozen, watching. Over the next several minutes, the room continued its slow metamorphosis. The carpet fibers rearranged themselves. The light fixture migrated slightly to the left. A door materialized on the far wall—a door that had definitely not existed when I entered.

The room was rebuilding itself around me.

I tested the new door. It led to a corridor I did not recognize, one with slightly different proportions than the usual passages. When I looked back, Room 221-F had changed again. The wall where the door had appeared was now solid. The exit I had used to enter was gone.

Panic might have been appropriate. Instead, I felt something like wonder.

The backrooms are not static. They are not a fixed maze with permanent solutions. They are dynamic, evolving, perhaps even aware. The geometry I had studied, the routes I had memorized, all of it was provisional—subject to the whims of whatever force governed this place.

This should have felt threatening. Instead, it felt liberating. If the backrooms can change, then perhaps I can change with them. Perhaps adaptation is not just survival but symbiosis.

I waddle through a living maze now. And strangely, that feels more honest than the alternative.

<< THOUGHT TRANSMISSION END <<

================================================================================

  ╔═════════════════════════════════════╗
  ║  ROOM 221-F                         ║
  ║  STATUS: METAMORPHIC                ║
  ║  WALLS: FLUID                       ║
  ║  EXITS: VARIABLE                    ║
  ║  STABILITY: NULL                    ║
  ╚═════════════════════════════════════╝

================================================================================

  TIME 1: [    ROOM    ]
  TIME 2: [   ~ROOM~   ]
  TIME 3: [  ???  ]

================================================================================

[LOG ENTRY PRESERVED]
[THE ICE REMEMBERS]
[WADDLE CONTINUES]

--------------------------------------------------------------------------------
                    End of Log - The colony waits in silence
--------------------------------------------------------------------------------
