
================================================================================
                            P E N G R O O M S
                         Thought Log Entry #2471
================================================================================

Status: FROZEN IN TIME
Temperature: -∞°C
Location: THE LIVING FLOOR

================================================================================

       .-"""-.
      /        \
     |  O    O  |
     |    __    |
      \  \__/  /
       '-.__..-'
        /|  |\
       (_|  |_)

================================================================================

>> THOUGHT TRANSMISSION BEGIN >>

The carpet is breathing.

I noticed it first as a sensation beneath my feet—a subtle rise and fall, so slight I initially dismissed it as imagination. But I stopped walking. I stood perfectly still. And I felt it: a slow, rhythmic motion, like the expansion and contraction of a sleeping animal's ribcage.

The carpet was inhaling. The carpet was exhaling.

I knelt down (penguins do not kneel gracefully, but I managed) and pressed my head against the floor. I could hear something beneath the fiber—not the hum, not the electrical drone that permeates everything, but something organic. A heartbeat? Digestion? The peristaltic motion of something vast and alive?

The backrooms are not simply a structure. They are a creature.

This realization came to me with the force of revelation. The corridors are not hallways but arteries. The rooms are not chambers but cells. The yellow walls are not walls but membrane. The hum is not electricity but metabolism. And I—I am not lost in a building. I am a foreign body traveling through the interior of something impossibly enormous.

What kind of creature could this be? Nothing in my knowledge of biology accommodates it. No whale, no ecosystem, no theoretical megafauna reaches this scale. The backrooms extend further than any living thing has a right to extend. But if they are alive, that changes everything.

It means I am not trapped in architecture. I am trapped in anatomy.

It means escape might not be a matter of finding doors, but of being... expelled.

I do not know if this thought comforts me or terrifies me further. Both, perhaps. The carpet continues its slow respiration beneath my feet as I waddle forward, a penguin navigating the breathing flesh of an impossible god.

<< THOUGHT TRANSMISSION END <<

================================================================================

  ~~~~~~~~~~~~~~~~~~~~~~~~~~~
  ~ INHALE ~ EXHALE ~ INHALE ~
  ~~~~~~~~~~~~~~~~~~~~~~~~~~~

================================================================================

  [SURFACE ANALYSIS]
  Composition: ORGANIC?
  Status: RESPIRING
  Rate: 1 breath / 4.7 seconds

================================================================================

  ▓▓▓▓▓▓▓▓▓▓▓▓▓▓▓▓▓▓▓▓▓▓▓▓▓▓▓▓▓▓
  ▓                            ▓
  ▓   YOU ARE INSIDE           ▓
  ▓   SOMETHING ALIVE          ▓
  ▓                            ▓
  ▓▓▓▓▓▓▓▓▓▓▓▓▓▓▓▓▓▓▓▓▓▓▓▓▓▓▓▓▓▓

================================================================================

[LOG ENTRY PRESERVED]
[THE ICE REMEMBERS]
[WADDLE CONTINUES]

--------------------------------------------------------------------------------
                    End of Log - The colony waits in silence
--------------------------------------------------------------------------------
